run_id=audit-check
raw_records=10
ingest_boundary_ts=2026-04-15T07:56:09.456743+00:00
cleaned_records=6
quarantine_records=4
cleaned_csv=artifacts\cleaned\cleaned_audit-check.csv
quarantine_csv=artifacts\quarantine\quarantine_audit-check.csv
expectation[min_one_row] OK (halt) :: cleaned_rows=6
expectation[no_empty_doc_id] OK (halt) :: empty_doc_id_count=0
expectation[refund_no_stale_14d_window] OK (halt) :: violations=0
expectation[chunk_min_length_8] OK (warn) :: short_chunks=0
expectation[effective_date_iso_yyyy_mm_dd] OK (halt) :: non_iso_rows=0
expectation[hr_leave_no_stale_10d_annual] OK (halt) :: violations=0
expectation[pydantic_schema_valid] OK (halt) :: pydantic_invalid=0
expectation[no_duplicate_chunk_ids] OK (halt) :: duplicate_chunk_ids=0
expectation[doc_coverage_all_allowed] OK (warn) :: missing_docs=[]
embed_upsert count=6 collection=day10_kb
publish_boundary_ts=2026-04-15T07:56:40.473001+00:00
manifest_written=artifacts\manifests\manifest_audit-check.json
freshness_check=FAIL {"latest_exported_at": "2026-04-10T08:00:00", "age_hours": 119.945, "sla_hours": 24.0, "reason": "freshness_sla_exceeded"}
PIPELINE_OK
